<?xml version="1.0" encoding="UTF-8"?>
<!-- Generated by org.testng.reporters.JUnitReportReporter -->
<testsuite hostname="LIN-5CG4373SCW" failures="0" tests="4" name="testRunner.runnerfile$TestRunner" time="7.437" errors="0" timestamp="2025-03-11T16:36:46 IST" skipped="0">
  <testcase classname="testRunner.runnerfile$TestRunner" name="runScenario" time="0.430"/>
  <testcase classname="testRunner.runnerfile$TestRunner" name="runScenario" time="5.661"/>
  <testcase classname="testRunner.runnerfile$TestRunner" name="runScenario" time="0.690"/>
  <testcase classname="testRunner.runnerfile$TestRunner" name="runScenario" time="0.656"/>
</testsuite> <!-- testRunner.runnerfile$TestRunner -->
