<?xml version="1.0" encoding="UTF-8"?>
<!-- Generated by org.testng.reporters.JUnitReportReporter -->
<testsuite hostname="LIN-5CG4373SCW" failures="0" tests="1" name="testRunner.testRunner" time="12.286" errors="0" timestamp="2025-02-19T12:01:40 IST" skipped="0">
  <testcase classname="testRunner.testRunner" name="runScenario" time="12.286"/>
</testsuite> <!-- testRunner.testRunner -->
