<?xml version="1.0" encoding="UTF-8"?>
<!-- Generated by org.testng.reporters.JUnitReportReporter -->
<testsuite hostname="LIN-5CG4373SCW" failures="0" tests="1" name="testRunner.runnerfile2$TestRunner" time="10.587" errors="0" timestamp="2025-03-11T16:37:14 IST" skipped="0">
  <testcase classname="testRunner.runnerfile2$TestRunner" name="runScenario" time="10.587"/>
</testsuite> <!-- testRunner.runnerfile2$TestRunner -->
